0 info it worked if it ends with ok
1 verbose cli [ '/usr/bin/node',
1 verbose cli   '/usr/bin/npm',
1 verbose cli   'run',
1 verbose cli   'update-param',
1 verbose cli   '--',
1 verbose cli   '-p',
1 verbose cli   'FH_SUPERCORE_IMAGE_VERSION',
1 verbose cli   '-v',
1 verbose cli   '3.11.12-2374' ]
2 info using npm@2.15.1
3 info using node@v0.10.45
4 verbose node symlink /usr/bin/node
5 verbose run-script [ 'preupdate-param', 'update-param', 'postupdate-param' ]
6 info preupdate-param fh-openshift-templates@0.19.62
7 info update-param fh-openshift-templates@0.19.62
8 verbose unsafe-perm in lifecycle true
9 info fh-openshift-templates@0.19.62 Failed to exec update-param script
10 verbose stack Error: fh-openshift-templates@0.19.62 update-param: `node ./scripts/update-param.js "-p" "FH_SUPERCORE_IMAGE_VERSION" "-v" "3.11.12-2374"`
10 verbose stack Exit status 8
10 verbose stack     at EventEmitter.<anonymous> (/usr/lib/node_modules/npm/lib/utils/lifecycle.js:217:16)
10 verbose stack     at EventEmitter.emit (events.js:98:17)
10 verbose stack     at ChildProcess.<anonymous> (/usr/lib/node_modules/npm/lib/utils/spawn.js:24:14)
10 verbose stack     at ChildProcess.emit (events.js:98:17)
10 verbose stack     at maybeClose (child_process.js:766:16)
10 verbose stack     at Process.ChildProcess._handle.onexit (child_process.js:833:5)
11 verbose pkgid fh-openshift-templates@0.19.62
12 verbose cwd /home/ubuntu/workspace/fh-openshift-templates-component-update
13 error Linux 3.13.0-48-generic
14 error argv "/usr/bin/node" "/usr/bin/npm" "run" "update-param" "--" "-p" "FH_SUPERCORE_IMAGE_VERSION" "-v" "3.11.12-2374"
15 error node v0.10.45
16 error npm  v2.15.1
17 error code ELIFECYCLE
18 error fh-openshift-templates@0.19.62 update-param: `node ./scripts/update-param.js "-p" "FH_SUPERCORE_IMAGE_VERSION" "-v" "3.11.12-2374"`
18 error Exit status 8
19 error Failed at the fh-openshift-templates@0.19.62 update-param script 'node ./scripts/update-param.js "-p" "FH_SUPERCORE_IMAGE_VERSION" "-v" "3.11.12-2374"'.
19 error This is most likely a problem with the fh-openshift-templates package,
19 error not with npm itself.
19 error Tell the author that this fails on your system:
19 error     node ./scripts/update-param.js "-p" "FH_SUPERCORE_IMAGE_VERSION" "-v" "3.11.12-2374"
19 error You can get information on how to open an issue for this project with:
19 error     npm bugs fh-openshift-templates
19 error Or if that isn't available, you can get their info via:
19 error
19 error     npm owner ls fh-openshift-templates
19 error There is likely additional logging output above.
20 verbose exit [ 1, true ]
